2007-07-26 17:01:09,336 - SimpleLog4JLogSystem initialized using logfile 'velocity.log'
2007-07-26 17:01:09,337 - ************************************************************** 
2007-07-26 17:01:09,337 - Starting Jakarta Velocity v1.3.1
2007-07-26 17:01:09,337 - RuntimeInstance initializing.
2007-07-26 17:01:09,337 - Default Properties File: org/apache/velocity/runtime/defaults/velocity.properties
2007-07-26 17:01:09,337 - Trying to use logger class org.apache.velocity.runtime.log.AvalonLogSystem
2007-07-26 17:01:09,337 - Couldn't find class org.apache.velocity.runtime.log.AvalonLogSystem or necessary supporting classes in classpath. Exception : java.lang.NoClassDefFoundError: org/apache/log/format/Formatter
2007-07-26 17:01:09,337 - Trying to use logger class org.apache.velocity.runtime.log.SimpleLog4JLogSystem
2007-07-26 17:01:09,337 - Using logger class org.apache.velocity.runtime.log.SimpleLog4JLogSystem
2007-07-26 17:01:09,341 - Default ResourceManager initializing. (class org.apache.velocity.runtime.resource.ResourceManagerImpl)
2007-07-26 17:01:09,342 - Resource Loader Instantiated: org.apache.velocity.runtime.resource.loader.FileResourceLoader
2007-07-26 17:01:09,343 - FileResourceLoader : initialization starting.
2007-07-26 17:01:09,343 - FileResourceLoader : adding path '/home/flexibus/sakai_tomcat/webapps/osp-presentation-tool/WEB-INF/templates'
2007-07-26 17:01:09,343 - FileResourceLoader : initialization complete.
2007-07-26 17:01:09,344 - ResourceCache : initialized. (class org.apache.velocity.runtime.resource.ResourceCacheImpl)
2007-07-26 17:01:09,344 - Default ResourceManager initialization complete.
2007-07-26 17:01:09,346 - Loaded System Directive: org.apache.velocity.runtime.directive.Literal
2007-07-26 17:01:09,347 - Loaded System Directive: org.apache.velocity.runtime.directive.Macro
2007-07-26 17:01:09,349 - Loaded System Directive: org.apache.velocity.runtime.directive.Parse
2007-07-26 17:01:09,351 - Loaded System Directive: org.apache.velocity.runtime.directive.Include
2007-07-26 17:01:09,353 - Loaded System Directive: org.apache.velocity.runtime.directive.Foreach
2007-07-26 17:01:09,395 - Created: 20 parsers.
2007-07-26 17:01:09,395 - Velocimacro : initialization starting.
2007-07-26 17:01:09,396 - Velocimacro : adding VMs from VM library template : VM_global_library.vm
2007-07-26 17:01:09,400 - ResourceManager : unable to find resource 'VM_global_library.vm' in any resource loader.
2007-07-26 17:01:09,400 - Velocimacro : error using  VM library template VM_global_library.vm : org.apache.velocity.exception.ResourceNotFoundException: Unable to find resource 'VM_global_library.vm'
2007-07-26 17:01:09,400 - Velocimacro :  VM library template macro registration complete.
2007-07-26 17:01:09,400 - Velocimacro : allowInline = true : VMs can be defined inline in templates
2007-07-26 17:01:09,400 - Velocimacro : allowInlineToOverride = false : VMs defined inline may NOT replace previous VM definitions
2007-07-26 17:01:09,400 - Velocimacro : allowInlineLocal = true : VMs defined inline will be local to their defining template only.
2007-07-26 17:01:09,400 - Velocimacro : messages on  : VM system will output logging messages
2007-07-26 17:01:09,400 - Velocimacro : autoload on  : VM system will automatically reload global library macros
2007-07-26 17:01:09,401 - Velocimacro : initialization complete.
2007-07-26 17:01:09,401 - Velocity successfully started.
2007-07-26 17:05:33,791 - SimpleLog4JLogSystem initialized using logfile 'velocity.log'
2007-07-26 17:05:33,791 - ************************************************************** 
2007-07-26 17:05:33,791 - Starting Jakarta Velocity v1.3.1
2007-07-26 17:05:33,791 - RuntimeInstance initializing.
2007-07-26 17:05:33,791 - Default Properties File: org/apache/velocity/runtime/defaults/velocity.properties
2007-07-26 17:05:33,791 - Trying to use logger class org.apache.velocity.runtime.log.AvalonLogSystem
2007-07-26 17:05:33,791 - Couldn't find class org.apache.velocity.runtime.log.AvalonLogSystem or necessary supporting classes in classpath. Exception : java.lang.NoClassDefFoundError: org/apache/log/format/Formatter
2007-07-26 17:05:33,791 - Trying to use logger class org.apache.velocity.runtime.log.SimpleLog4JLogSystem
2007-07-26 17:05:33,791 - Using logger class org.apache.velocity.runtime.log.SimpleLog4JLogSystem
2007-07-26 17:05:33,795 - Default ResourceManager initializing. (class org.apache.velocity.runtime.resource.ResourceManagerImpl)
2007-07-26 17:05:33,796 - Resource Loader Instantiated: org.apache.velocity.runtime.resource.loader.FileResourceLoader
2007-07-26 17:05:33,797 - FileResourceLoader : initialization starting.
2007-07-26 17:05:33,797 - FileResourceLoader : adding path '/home/flexibus/sakai_tomcat/webapps/osp-presentation-tool/WEB-INF/templates'
2007-07-26 17:05:33,797 - FileResourceLoader : initialization complete.
2007-07-26 17:05:33,798 - ResourceCache : initialized. (class org.apache.velocity.runtime.resource.ResourceCacheImpl)
2007-07-26 17:05:33,798 - Default ResourceManager initialization complete.
2007-07-26 17:05:33,800 - Loaded System Directive: org.apache.velocity.runtime.directive.Literal
2007-07-26 17:05:33,801 - Loaded System Directive: org.apache.velocity.runtime.directive.Macro
2007-07-26 17:05:33,803 - Loaded System Directive: org.apache.velocity.runtime.directive.Parse
2007-07-26 17:05:33,805 - Loaded System Directive: org.apache.velocity.runtime.directive.Include
2007-07-26 17:05:33,806 - Loaded System Directive: org.apache.velocity.runtime.directive.Foreach
2007-07-26 17:05:33,849 - Created: 20 parsers.
2007-07-26 17:05:33,849 - Velocimacro : initialization starting.
2007-07-26 17:05:33,849 - Velocimacro : adding VMs from VM library template : VM_global_library.vm
2007-07-26 17:05:33,853 - ResourceManager : unable to find resource 'VM_global_library.vm' in any resource loader.
2007-07-26 17:05:33,854 - Velocimacro : error using  VM library template VM_global_library.vm : org.apache.velocity.exception.ResourceNotFoundException: Unable to find resource 'VM_global_library.vm'
2007-07-26 17:05:33,854 - Velocimacro :  VM library template macro registration complete.
2007-07-26 17:05:33,854 - Velocimacro : allowInline = true : VMs can be defined inline in templates
2007-07-26 17:05:33,854 - Velocimacro : allowInlineToOverride = false : VMs defined inline may NOT replace previous VM definitions
2007-07-26 17:05:33,854 - Velocimacro : allowInlineLocal = true : VMs defined inline will be local to their defining template only.
2007-07-26 17:05:33,854 - Velocimacro : messages on  : VM system will output logging messages
2007-07-26 17:05:33,854 - Velocimacro : autoload on  : VM system will automatically reload global library macros
2007-07-26 17:05:33,854 - Velocimacro : initialization complete.
2007-07-26 17:05:33,854 - Velocity successfully started.
2007-07-26 17:08:05,612 - SimpleLog4JLogSystem initialized using logfile 'velocity.log'
2007-07-26 17:08:05,612 - ************************************************************** 
2007-07-26 17:08:05,613 - Starting Jakarta Velocity v1.3.1
2007-07-26 17:08:05,613 - RuntimeInstance initializing.
2007-07-26 17:08:05,613 - Default Properties File: org/apache/velocity/runtime/defaults/velocity.properties
2007-07-26 17:08:05,613 - Trying to use logger class org.apache.velocity.runtime.log.AvalonLogSystem
2007-07-26 17:08:05,613 - Couldn't find class org.apache.velocity.runtime.log.AvalonLogSystem or necessary supporting classes in classpath. Exception : java.lang.NoClassDefFoundError: org/apache/log/format/Formatter
2007-07-26 17:08:05,613 - Trying to use logger class org.apache.velocity.runtime.log.SimpleLog4JLogSystem
2007-07-26 17:08:05,613 - Using logger class org.apache.velocity.runtime.log.SimpleLog4JLogSystem
2007-07-26 17:08:05,616 - Default ResourceManager initializing. (class org.apache.velocity.runtime.resource.ResourceManagerImpl)
2007-07-26 17:08:05,618 - Resource Loader Instantiated: org.apache.velocity.runtime.resource.loader.FileResourceLoader
2007-07-26 17:08:05,618 - FileResourceLoader : initialization starting.
2007-07-26 17:08:05,618 - FileResourceLoader : adding path '/home/flexibus/sakai_tomcat/webapps/osp-presentation-tool/WEB-INF/templates'
2007-07-26 17:08:05,618 - FileResourceLoader : initialization complete.
2007-07-26 17:08:05,620 - ResourceCache : initialized. (class org.apache.velocity.runtime.resource.ResourceCacheImpl)
2007-07-26 17:08:05,620 - Default ResourceManager initialization complete.
2007-07-26 17:08:05,621 - Loaded System Directive: org.apache.velocity.runtime.directive.Literal
2007-07-26 17:08:05,623 - Loaded System Directive: org.apache.velocity.runtime.directive.Macro
2007-07-26 17:08:05,625 - Loaded System Directive: org.apache.velocity.runtime.directive.Parse
2007-07-26 17:08:05,627 - Loaded System Directive: org.apache.velocity.runtime.directive.Include
2007-07-26 17:08:05,628 - Loaded System Directive: org.apache.velocity.runtime.directive.Foreach
2007-07-26 17:08:05,671 - Created: 20 parsers.
2007-07-26 17:08:05,671 - Velocimacro : initialization starting.
2007-07-26 17:08:05,671 - Velocimacro : adding VMs from VM library template : VM_global_library.vm
2007-07-26 17:08:05,676 - ResourceManager : unable to find resource 'VM_global_library.vm' in any resource loader.
2007-07-26 17:08:05,676 - Velocimacro : error using  VM library template VM_global_library.vm : org.apache.velocity.exception.ResourceNotFoundException: Unable to find resource 'VM_global_library.vm'
2007-07-26 17:08:05,676 - Velocimacro :  VM library template macro registration complete.
2007-07-26 17:08:05,676 - Velocimacro : allowInline = true : VMs can be defined inline in templates
2007-07-26 17:08:05,676 - Velocimacro : allowInlineToOverride = false : VMs defined inline may NOT replace previous VM definitions
2007-07-26 17:08:05,676 - Velocimacro : allowInlineLocal = true : VMs defined inline will be local to their defining template only.
2007-07-26 17:08:05,676 - Velocimacro : messages on  : VM system will output logging messages
2007-07-26 17:08:05,676 - Velocimacro : autoload on  : VM system will automatically reload global library macros
2007-07-26 17:08:05,676 - Velocimacro : initialization complete.
2007-07-26 17:08:05,676 - Velocity successfully started.
2007-08-01 17:17:00,885 - SimpleLog4JLogSystem initialized using logfile 'velocity.log'
2007-08-01 17:17:00,901 - ************************************************************** 
2007-08-01 17:17:00,901 - Starting Jakarta Velocity v1.3.1
2007-08-01 17:17:00,901 - RuntimeInstance initializing.
2007-08-01 17:17:00,901 - Default Properties File: org/apache/velocity/runtime/defaults/velocity.properties
2007-08-01 17:17:00,901 - Trying to use logger class org.apache.velocity.runtime.log.AvalonLogSystem
2007-08-01 17:17:00,901 - Couldn't find class org.apache.velocity.runtime.log.AvalonLogSystem or necessary supporting classes in classpath. Exception : java.lang.NoClassDefFoundError: org/apache/log/format/Formatter
2007-08-01 17:17:00,901 - Trying to use logger class org.apache.velocity.runtime.log.SimpleLog4JLogSystem
2007-08-01 17:17:00,901 - Using logger class org.apache.velocity.runtime.log.SimpleLog4JLogSystem
2007-08-01 17:17:00,905 - Default ResourceManager initializing. (class org.apache.velocity.runtime.resource.ResourceManagerImpl)
2007-08-01 17:17:00,907 - Resource Loader Instantiated: org.apache.velocity.runtime.resource.loader.FileResourceLoader
2007-08-01 17:17:00,907 - FileResourceLoader : initialization starting.
2007-08-01 17:17:00,907 - FileResourceLoader : adding path '/home/flexibus/sakai_tomcat/webapps/osp-presentation-tool/WEB-INF/templates'
2007-08-01 17:17:00,907 - FileResourceLoader : initialization complete.
2007-08-01 17:17:00,909 - ResourceCache : initialized. (class org.apache.velocity.runtime.resource.ResourceCacheImpl)
2007-08-01 17:17:00,909 - Default ResourceManager initialization complete.
2007-08-01 17:17:00,910 - Loaded System Directive: org.apache.velocity.runtime.directive.Literal
2007-08-01 17:17:00,911 - Loaded System Directive: org.apache.velocity.runtime.directive.Macro
2007-08-01 17:17:00,913 - Loaded System Directive: org.apache.velocity.runtime.directive.Parse
2007-08-01 17:17:00,915 - Loaded System Directive: org.apache.velocity.runtime.directive.Include
2007-08-01 17:17:00,917 - Loaded System Directive: org.apache.velocity.runtime.directive.Foreach
2007-08-01 17:17:00,959 - Created: 20 parsers.
2007-08-01 17:17:00,959 - Velocimacro : initialization starting.
2007-08-01 17:17:00,959 - Velocimacro : adding VMs from VM library template : VM_global_library.vm
2007-08-01 17:17:00,964 - ResourceManager : unable to find resource 'VM_global_library.vm' in any resource loader.
2007-08-01 17:17:00,964 - Velocimacro : error using  VM library template VM_global_library.vm : org.apache.velocity.exception.ResourceNotFoundException: Unable to find resource 'VM_global_library.vm'
2007-08-01 17:17:00,964 - Velocimacro :  VM library template macro registration complete.
2007-08-01 17:17:00,964 - Velocimacro : allowInline = true : VMs can be defined inline in templates
2007-08-01 17:17:00,964 - Velocimacro : allowInlineToOverride = false : VMs defined inline may NOT replace previous VM definitions
2007-08-01 17:17:00,964 - Velocimacro : allowInlineLocal = true : VMs defined inline will be local to their defining template only.
2007-08-01 17:17:00,964 - Velocimacro : messages on  : VM system will output logging messages
2007-08-01 17:17:00,964 - Velocimacro : autoload on  : VM system will automatically reload global library macros
2007-08-01 17:17:00,964 - Velocimacro : initialization complete.
2007-08-01 17:17:00,964 - Velocity successfully started.
2007-08-01 18:22:25,561 - SimpleLog4JLogSystem initialized using logfile 'velocity.log'
2007-08-01 18:22:25,562 - ************************************************************** 
2007-08-01 18:22:25,562 - Starting Jakarta Velocity v1.3.1
2007-08-01 18:22:25,562 - RuntimeInstance initializing.
2007-08-01 18:22:25,562 - Default Properties File: org/apache/velocity/runtime/defaults/velocity.properties
2007-08-01 18:22:25,562 - Trying to use logger class org.apache.velocity.runtime.log.AvalonLogSystem
2007-08-01 18:22:25,562 - Couldn't find class org.apache.velocity.runtime.log.AvalonLogSystem or necessary supporting classes in classpath. Exception : java.lang.NoClassDefFoundError: org/apache/log/format/Formatter
2007-08-01 18:22:25,562 - Trying to use logger class org.apache.velocity.runtime.log.SimpleLog4JLogSystem
2007-08-01 18:22:25,562 - Using logger class org.apache.velocity.runtime.log.SimpleLog4JLogSystem
2007-08-01 18:22:25,566 - Default ResourceManager initializing. (class org.apache.velocity.runtime.resource.ResourceManagerImpl)
2007-08-01 18:22:25,568 - Resource Loader Instantiated: org.apache.velocity.runtime.resource.loader.FileResourceLoader
2007-08-01 18:22:25,568 - FileResourceLoader : initialization starting.
2007-08-01 18:22:25,568 - FileResourceLoader : adding path '/home/flexibus/sakai_tomcat/webapps/osp-presentation-tool/WEB-INF/templates'
2007-08-01 18:22:25,568 - FileResourceLoader : initialization complete.
2007-08-01 18:22:25,569 - ResourceCache : initialized. (class org.apache.velocity.runtime.resource.ResourceCacheImpl)
2007-08-01 18:22:25,570 - Default ResourceManager initialization complete.
2007-08-01 18:22:25,571 - Loaded System Directive: org.apache.velocity.runtime.directive.Literal
2007-08-01 18:22:25,572 - Loaded System Directive: org.apache.velocity.runtime.directive.Macro
2007-08-01 18:22:25,574 - Loaded System Directive: org.apache.velocity.runtime.directive.Parse
2007-08-01 18:22:25,576 - Loaded System Directive: org.apache.velocity.runtime.directive.Include
2007-08-01 18:22:25,578 - Loaded System Directive: org.apache.velocity.runtime.directive.Foreach
2007-08-01 18:22:25,621 - Created: 20 parsers.
2007-08-01 18:22:25,622 - Velocimacro : initialization starting.
2007-08-01 18:22:25,622 - Velocimacro : adding VMs from VM library template : VM_global_library.vm
2007-08-01 18:22:25,626 - ResourceManager : unable to find resource 'VM_global_library.vm' in any resource loader.
2007-08-01 18:22:25,626 - Velocimacro : error using  VM library template VM_global_library.vm : org.apache.velocity.exception.ResourceNotFoundException: Unable to find resource 'VM_global_library.vm'
2007-08-01 18:22:25,626 - Velocimacro :  VM library template macro registration complete.
2007-08-01 18:22:25,627 - Velocimacro : allowInline = true : VMs can be defined inline in templates
2007-08-01 18:22:25,627 - Velocimacro : allowInlineToOverride = false : VMs defined inline may NOT replace previous VM definitions
2007-08-01 18:22:25,627 - Velocimacro : allowInlineLocal = true : VMs defined inline will be local to their defining template only.
2007-08-01 18:22:25,627 - Velocimacro : messages on  : VM system will output logging messages
2007-08-01 18:22:25,627 - Velocimacro : autoload on  : VM system will automatically reload global library macros
2007-08-01 18:22:25,627 - Velocimacro : initialization complete.
2007-08-01 18:22:25,627 - Velocity successfully started.
2007-08-02 09:11:56,897 - SimpleLog4JLogSystem initialized using logfile 'velocity.log'
2007-08-02 09:11:56,909 - ************************************************************** 
2007-08-02 09:11:56,910 - Starting Jakarta Velocity v1.3.1
2007-08-02 09:11:56,910 - RuntimeInstance initializing.
2007-08-02 09:11:56,910 - Default Properties File: org/apache/velocity/runtime/defaults/velocity.properties
2007-08-02 09:11:56,910 - Trying to use logger class org.apache.velocity.runtime.log.AvalonLogSystem
2007-08-02 09:11:56,910 - Couldn't find class org.apache.velocity.runtime.log.AvalonLogSystem or necessary supporting classes in classpath. Exception : java.lang.NoClassDefFoundError: org/apache/log/format/Formatter
2007-08-02 09:11:56,910 - Trying to use logger class org.apache.velocity.runtime.log.SimpleLog4JLogSystem
2007-08-02 09:11:56,910 - Using logger class org.apache.velocity.runtime.log.SimpleLog4JLogSystem
2007-08-02 09:11:56,913 - Default ResourceManager initializing. (class org.apache.velocity.runtime.resource.ResourceManagerImpl)
2007-08-02 09:11:56,915 - Resource Loader Instantiated: org.apache.velocity.runtime.resource.loader.FileResourceLoader
2007-08-02 09:11:56,915 - FileResourceLoader : initialization starting.
2007-08-02 09:11:56,915 - FileResourceLoader : adding path '/home/flexibus/sakai_tomcat/webapps/osp-presentation-tool/WEB-INF/templates'
2007-08-02 09:11:56,915 - FileResourceLoader : initialization complete.
2007-08-02 09:11:56,917 - ResourceCache : initialized. (class org.apache.velocity.runtime.resource.ResourceCacheImpl)
2007-08-02 09:11:56,917 - Default ResourceManager initialization complete.
2007-08-02 09:11:56,918 - Loaded System Directive: org.apache.velocity.runtime.directive.Literal
2007-08-02 09:11:56,920 - Loaded System Directive: org.apache.velocity.runtime.directive.Macro
2007-08-02 09:11:56,922 - Loaded System Directive: org.apache.velocity.runtime.directive.Parse
2007-08-02 09:11:56,924 - Loaded System Directive: org.apache.velocity.runtime.directive.Include
2007-08-02 09:11:56,925 - Loaded System Directive: org.apache.velocity.runtime.directive.Foreach
2007-08-02 09:11:56,967 - Created: 20 parsers.
2007-08-02 09:11:56,968 - Velocimacro : initialization starting.
2007-08-02 09:11:56,968 - Velocimacro : adding VMs from VM library template : VM_global_library.vm
2007-08-02 09:11:56,972 - ResourceManager : unable to find resource 'VM_global_library.vm' in any resource loader.
2007-08-02 09:11:56,972 - Velocimacro : error using  VM library template VM_global_library.vm : org.apache.velocity.exception.ResourceNotFoundException: Unable to find resource 'VM_global_library.vm'
2007-08-02 09:11:56,972 - Velocimacro :  VM library template macro registration complete.
2007-08-02 09:11:56,972 - Velocimacro : allowInline = true : VMs can be defined inline in templates
2007-08-02 09:11:56,972 - Velocimacro : allowInlineToOverride = false : VMs defined inline may NOT replace previous VM definitions
2007-08-02 09:11:56,973 - Velocimacro : allowInlineLocal = true : VMs defined inline will be local to their defining template only.
2007-08-02 09:11:56,973 - Velocimacro : messages on  : VM system will output logging messages
2007-08-02 09:11:56,973 - Velocimacro : autoload on  : VM system will automatically reload global library macros
2007-08-02 09:11:56,973 - Velocimacro : initialization complete.
2007-08-02 09:11:56,973 - Velocity successfully started.
